This is XeTeX, Version 3.14159265-2.6-0.99996 (MiKTeX 2.9.6210 64-bit) (preloaded format=xelatex 2017.2.17)  16 MAY 2017 14:41
entering extended mode
**./thesis.tex
(thesis.tex
LaTeX2e <2017/01/01> patch level 1
Babel <3.9r> and hyphenation patterns for 75 language(s) loaded.
(monashthesis.cls
Document Class: monashthesis 2016/09/06 Monash Thesis Class
("C:\Program Files\MiKTeX 2.9\tex\latex\base\fontenc.sty"
Package: fontenc 2017/01/24 v2.0c Standard LaTeX package
("C:\Program Files\MiKTeX 2.9\tex\latex\base\t1enc.def"
File: t1enc.def 2017/01/24 v2.0c Standard LaTeX file
LaTeX Font Info:    Redeclaring font encoding T1 on input line 48.
)
LaTeX Font Info:    Try loading font information for T1+lmr on input line 105.
("C:\Program Files\MiKTeX 2.9\tex\latex\lm\t1lmr.fd"
File: t1lmr.fd 2009/10/30 v1.6 Font defs for Latin Modern
)) ("C:\Program Files\MiKTeX 2.9\tex\latex\base\inputenc.sty"
Package: inputenc 2015/03/17 v1.2c Input encoding file
\inpenc@prehook=\toks14
\inpenc@posthook=\toks15

Package inputenc Warning: inputenc package ignored with utf8 based engines.

) ("C:\Program Files\MiKTeX 2.9\tex\latex\base\report.cls"
Document Class: report 2014/09/29 v1.4h Standard LaTeX document class
("C:\Program Files\MiKTeX 2.9\tex\latex\base\size11.clo"
File: size11.clo 2014/09/29 v1.4h Standard LaTeX file (size option)
)
\c@part=\count79
\c@chapter=\count80
\c@section=\count81
\c@subsection=\count82
\c@subsubsection=\count83
\c@paragraph=\count84
\c@subparagraph=\count85
\c@figure=\count86
\c@table=\count87
\abovecaptionskip=\skip41
\belowcaptionskip=\skip42
\bibindent=\dimen102
) ("C:\Program Files\MiKTeX 2.9\tex\latex\geometry\geometry.sty"
Package: geometry 2010/09/12 v5.6 Page Geometry
("C:\Program Files\MiKTeX 2.9\tex\latex\graphics\keyval.sty"
Package: keyval 2014/10/28 v1.15 key=value parser (DPC)
\KV@toks@=\toks16
) ("C:\Program Files\MiKTeX 2.9\tex\generic\oberdiek\ifpdf.sty"
Package: ifpdf 2016/05/14 v3.1 Provides the ifpdf switch
) ("C:\Program Files\MiKTeX 2.9\tex\generic\oberdiek\ifvtex.sty"
Package: ifvtex 2016/05/16 v1.6 Detect VTeX and its facilities (HO)
Package ifvtex Info: VTeX not detected.
) ("C:\Program Files\MiKTeX 2.9\tex\generic\ifxetex\ifxetex.sty"
Package: ifxetex 2010/09/12 v0.6 Provides ifxetex conditional
)
\Gm@cnth=\count88
\Gm@cntv=\count89
\c@Gm@tempcnt=\count90
\Gm@bindingoffset=\dimen103
\Gm@wd@mp=\dimen104
\Gm@odd@mp=\dimen105
\Gm@even@mp=\dimen106
\Gm@layoutwidth=\dimen107
\Gm@layoutheight=\dimen108
\Gm@layouthoffset=\dimen109
\Gm@layoutvoffset=\dimen110
\Gm@dimlist=\toks17
("C:\Program Files\MiKTeX 2.9\tex\xelatex\xetexconfig\geometry.cfg"))
(C:\Users\Gener.GENER.000\AppData\Roaming\MiKTeX\2.9\tex\latex\caption\caption.
sty
Package: caption 2016/02/21 v3.3-144 Customizing captions (AR)

(C:\Users\Gener.GENER.000\AppData\Roaming\MiKTeX\2.9\tex\latex\caption\caption3
.sty
Package: caption3 2016/05/22 v1.7-166 caption3 kernel (AR)
Package caption3 Info: TeX engine: e-TeX on input line 67.
\captionmargin=\dimen111
\captionmargin@=\dimen112
\captionwidth=\dimen113
\caption@tempdima=\dimen114
\caption@indent=\dimen115
\caption@parindent=\dimen116
\caption@hangindent=\dimen117
)
\c@ContinuedFloat=\count91
) ("C:\Program Files\MiKTeX 2.9\tex\latex\psnfss\mathpazo.sty"
Package: mathpazo 2005/04/12 PSNFSS-v9.2a Palatino w/ Pazo Math (D.Puga, WaS) 
\symupright=\mathgroup4
)
(C:\Users\Gener.GENER.000\AppData\Roaming\MiKTeX\2.9\tex\latex\carlito\carlito.
sty
Package: carlito 2014/08/20 (Bob Tennent) Supports Carlito fonts for LaTeX, pdf
LaTeX, luaLaTeX and xeLaTeX.
("C:\Program Files\MiKTeX 2.9\tex\generic\oberdiek\ifluatex.sty"
Package: ifluatex 2016/05/16 v1.4 Provides the ifluatex switch (HO)
Package ifluatex Info: LuaTeX not detected.
) ("C:\Program Files\MiKTeX 2.9\tex\latex\xkeyval\xkeyval.sty"
Package: xkeyval 2014/12/03 v2.7a package option processing (HA)
("C:\Program Files\MiKTeX 2.9\tex\generic\xkeyval\xkeyval.tex" ("C:\Program Fil
es\MiKTeX 2.9\tex\generic\xkeyval\xkvutils.tex"
\XKV@toks=\toks18
\XKV@tempa@toks=\toks19
)
\XKV@depth=\count92
File: xkeyval.tex 2014/12/03 v2.7a key=value parser (HA)
)) ("C:\Program Files\MiKTeX 2.9\tex\latex\base\textcomp.sty"
Package: textcomp 2017/01/24 v2.0c Standard LaTeX package
Package textcomp Info: Sub-encoding information:
(textcomp)               5 = only ISO-Adobe without \textcurrency
(textcomp)               4 = 5 + \texteuro
(textcomp)               3 = 4 + \textohm
(textcomp)               2 = 3 + \textestimated + \textcurrency
(textcomp)               1 = TS1 - \textcircled - \t
(textcomp)               0 = TS1 (full)
(textcomp)             Font families with sub-encoding setting implement
(textcomp)             only a restricted character set as indicated.
(textcomp)             Family '?' is the default used for unknown fonts.
(textcomp)             See the documentation for details.
Package textcomp Info: Setting ? sub-encoding to TS1/1 on input line 79.
("C:\Program Files\MiKTeX 2.9\tex\latex\base\ts1enc.def"
File: ts1enc.def 2001/06/05 v3.0e (jk/car/fm) Standard LaTeX file
)
LaTeX Info: Redefining \oldstylenums on input line 334.
Package textcomp Info: Setting cmr sub-encoding to TS1/0 on input line 349.
Package textcomp Info: Setting cmss sub-encoding to TS1/0 on input line 350.
Package textcomp Info: Setting cmtt sub-encoding to TS1/0 on input line 351.
Package textcomp Info: Setting cmvtt sub-encoding to TS1/0 on input line 352.
Package textcomp Info: Setting cmbr sub-encoding to TS1/0 on input line 353.
Package textcomp Info: Setting cmtl sub-encoding to TS1/0 on input line 354.
Package textcomp Info: Setting ccr sub-encoding to TS1/0 on input line 355.
Package textcomp Info: Setting ptm sub-encoding to TS1/4 on input line 356.
Package textcomp Info: Setting pcr sub-encoding to TS1/4 on input line 357.
Package textcomp Info: Setting phv sub-encoding to TS1/4 on input line 358.
Package textcomp Info: Setting ppl sub-encoding to TS1/3 on input line 359.
Package textcomp Info: Setting pag sub-encoding to TS1/4 on input line 360.
Package textcomp Info: Setting pbk sub-encoding to TS1/4 on input line 361.
Package textcomp Info: Setting pnc sub-encoding to TS1/4 on input line 362.
Package textcomp Info: Setting pzc sub-encoding to TS1/4 on input line 363.
Package textcomp Info: Setting bch sub-encoding to TS1/4 on input line 364.
Package textcomp Info: Setting put sub-encoding to TS1/5 on input line 365.
Package textcomp Info: Setting uag sub-encoding to TS1/5 on input line 366.
Package textcomp Info: Setting ugq sub-encoding to TS1/5 on input line 367.
Package textcomp Info: Setting ul8 sub-encoding to TS1/4 on input line 368.
Package textcomp Info: Setting ul9 sub-encoding to TS1/4 on input line 369.
Package textcomp Info: Setting augie sub-encoding to TS1/5 on input line 370.
Package textcomp Info: Setting dayrom sub-encoding to TS1/3 on input line 371.
Package textcomp Info: Setting dayroms sub-encoding to TS1/3 on input line 372.

Package textcomp Info: Setting pxr sub-encoding to TS1/0 on input line 373.
Package textcomp Info: Setting pxss sub-encoding to TS1/0 on input line 374.
Package textcomp Info: Setting pxtt sub-encoding to TS1/0 on input line 375.
Package textcomp Info: Setting txr sub-encoding to TS1/0 on input line 376.
Package textcomp Info: Setting txss sub-encoding to TS1/0 on input line 377.
Package textcomp Info: Setting txtt sub-encoding to TS1/0 on input line 378.
Package textcomp Info: Setting lmr sub-encoding to TS1/0 on input line 379.
Package textcomp Info: Setting lmdh sub-encoding to TS1/0 on input line 380.
Package textcomp Info: Setting lmss sub-encoding to TS1/0 on input line 381.
Package textcomp Info: Setting lmssq sub-encoding to TS1/0 on input line 382.
Package textcomp Info: Setting lmvtt sub-encoding to TS1/0 on input line 383.
Package textcomp Info: Setting lmtt sub-encoding to TS1/0 on input line 384.
Package textcomp Info: Setting qhv sub-encoding to TS1/0 on input line 385.
Package textcomp Info: Setting qag sub-encoding to TS1/0 on input line 386.
Package textcomp Info: Setting qbk sub-encoding to TS1/0 on input line 387.
Package textcomp Info: Setting qcr sub-encoding to TS1/0 on input line 388.
Package textcomp Info: Setting qcs sub-encoding to TS1/0 on input line 389.
Package textcomp Info: Setting qpl sub-encoding to TS1/0 on input line 390.
Package textcomp Info: Setting qtm sub-encoding to TS1/0 on input line 391.
Package textcomp Info: Setting qzc sub-encoding to TS1/0 on input line 392.
Package textcomp Info: Setting qhvc sub-encoding to TS1/0 on input line 393.
Package textcomp Info: Setting futs sub-encoding to TS1/4 on input line 394.
Package textcomp Info: Setting futx sub-encoding to TS1/4 on input line 395.
Package textcomp Info: Setting futj sub-encoding to TS1/4 on input line 396.
Package textcomp Info: Setting hlh sub-encoding to TS1/3 on input line 397.
Package textcomp Info: Setting hls sub-encoding to TS1/3 on input line 398.
Package textcomp Info: Setting hlst sub-encoding to TS1/3 on input line 399.
Package textcomp Info: Setting hlct sub-encoding to TS1/5 on input line 400.
Package textcomp Info: Setting hlx sub-encoding to TS1/5 on input line 401.
Package textcomp Info: Setting hlce sub-encoding to TS1/5 on input line 402.
Package textcomp Info: Setting hlcn sub-encoding to TS1/5 on input line 403.
Package textcomp Info: Setting hlcw sub-encoding to TS1/5 on input line 404.
Package textcomp Info: Setting hlcf sub-encoding to TS1/5 on input line 405.
Package textcomp Info: Setting pplx sub-encoding to TS1/3 on input line 406.
Package textcomp Info: Setting pplj sub-encoding to TS1/3 on input line 407.
Package textcomp Info: Setting ptmx sub-encoding to TS1/4 on input line 408.
Package textcomp Info: Setting ptmj sub-encoding to TS1/4 on input line 409.
) ("C:\Program Files\MiKTeX 2.9\tex\latex\fontspec\fontspec.sty"
(C:\Users\Gener.GENER.000\AppData\Roaming\MiKTeX\2.9\tex\latex\l3kernel\expl3.s
ty
Package: expl3 2017/02/10 v6878 L3 programming layer (loader) 

(C:\Users\Gener.GENER.000\AppData\Roaming\MiKTeX\2.9\tex\latex\l3kernel\expl3-c
ode.tex
Package: expl3 2017/02/10 v6878 L3 programming layer (code)
L3 Module: l3bootstrap 2016/12/28 v6805 L3 Bootstrap code
L3 Module: l3names 2016/12/28 v6805 L3 Namespace for primitives
L3 Module: l3basics 2016/12/28 v6805 L3 Basic definitions
L3 Module: l3expan 2016/12/28 v6805 L3 Argument expansion
L3 Module: l3tl 2017/02/06 v6842 L3 Token lists
L3 Module: l3str 2017/01/01 v6809 L3 Strings
L3 Module: l3seq 2017/02/06 v6842 L3 Sequences and stacks
L3 Module: l3int 2016/12/28 v6805 L3 Integers
\c_max_int=\count93
\l_tmpa_int=\count94
\l_tmpb_int=\count95
\g_tmpa_int=\count96
\g_tmpb_int=\count97
L3 Module: l3quark 2016/12/28 v6805 L3 Quarks
L3 Module: l3prg 2017/01/01 v6811 L3 Control structures
\g__prg_map_int=\count98
L3 Module: l3clist 2017/02/06 v6842 L3 Comma separated lists
L3 Module: l3token 2016/12/28 v6805 L3 Experimental token manipulation
L3 Module: l3prop 2016/12/28 v6805 L3 Property lists
L3 Module: l3msg 2016/12/28 v6805 L3 Messages
L3 Module: l3file 2016/12/28 v6805 L3 File and I/O operations
\l_iow_line_count_int=\count99
\l__iow_target_count_int=\count100
\l__iow_current_line_int=\count101
\l__iow_current_word_int=\count102
\l__iow_current_indentation_int=\count103
L3 Module: l3skip 2017/01/01 v6809 L3 Dimensions and skips
\c_zero_dim=\dimen118
\c_max_dim=\dimen119
\l_tmpa_dim=\dimen120
\l_tmpb_dim=\dimen121
\g_tmpa_dim=\dimen122
\g_tmpb_dim=\dimen123
\c_zero_skip=\skip43
\c_max_skip=\skip44
\l_tmpa_skip=\skip45
\l_tmpb_skip=\skip46
\g_tmpa_skip=\skip47
\g_tmpb_skip=\skip48
\c_zero_muskip=\muskip10
\c_max_muskip=\muskip11
\l_tmpa_muskip=\muskip12
\l_tmpb_muskip=\muskip13
\g_tmpa_muskip=\muskip14
\g_tmpb_muskip=\muskip15
L3 Module: l3keys 2017/01/01 v6811 L3 Key-value interfaces
\l_keys_choice_int=\count104
L3 Module: l3fp 2016/12/28 v6805 L3 Floating points
\c__fp_leading_shift_int=\count105
\c__fp_middle_shift_int=\count106
\c__fp_trailing_shift_int=\count107
\c__fp_big_leading_shift_int=\count108
\c__fp_big_middle_shift_int=\count109
\c__fp_big_trailing_shift_int=\count110
\c__fp_Bigg_leading_shift_int=\count111
\c__fp_Bigg_middle_shift_int=\count112
\c__fp_Bigg_trailing_shift_int=\count113
L3 Module: l3sort 2017/02/07 v6847 L3 Sorting functions
\l__sort_length_int=\count114
\l__sort_min_int=\count115
\l__sort_top_int=\count116
\l__sort_max_int=\count117
\l__sort_true_max_int=\count118
\l__sort_block_int=\count119
\l__sort_begin_int=\count120
\l__sort_end_int=\count121
\l__sort_A_int=\count122
\l__sort_B_int=\count123
\l__sort_C_int=\count124
L3 Module: l3box 2016/12/28 v6805 L3 Experimental boxes
\c_empty_box=\box26
\l_tmpa_box=\box27
\l_tmpb_box=\box28
\g_tmpa_box=\box29
\g_tmpb_box=\box30
L3 Module: l3coffins 2016/12/28 v6805 L3 Coffin code layer
\l__coffin_internal_box=\box31
\l__coffin_internal_dim=\dimen124
\l__coffin_offset_x_dim=\dimen125
\l__coffin_offset_y_dim=\dimen126
\l__coffin_x_dim=\dimen127
\l__coffin_y_dim=\dimen128
\l__coffin_x_prime_dim=\dimen129
\l__coffin_y_prime_dim=\dimen130
\c_empty_coffin=\box32
\l__coffin_aligned_coffin=\box33
\l__coffin_aligned_internal_coffin=\box34
\l_tmpa_coffin=\box35
\l_tmpb_coffin=\box36
\l__coffin_display_coffin=\box37
\l__coffin_display_coord_coffin=\box38
\l__coffin_display_pole_coffin=\box39
\l__coffin_display_offset_dim=\dimen131
\l__coffin_display_x_dim=\dimen132
\l__coffin_display_y_dim=\dimen133
L3 Module: l3color 2016/12/28 v6805 L3 Experimental color support
L3 Module: l3sys 2017/01/01 v6811 L3 Experimental system/runtime functions
L3 Module: l3candidates 2017/01/30 v6835 L3 Experimental additions to l3kernel
\l__box_top_dim=\dimen134
\l__box_bottom_dim=\dimen135
\l__box_left_dim=\dimen136
\l__box_right_dim=\dimen137
\l__box_top_new_dim=\dimen138
\l__box_bottom_new_dim=\dimen139
\l__box_left_new_dim=\dimen140
\l__box_right_new_dim=\dimen141
\l__box_internal_box=\box40
\l__coffin_bounding_shift_dim=\dimen142
\l__coffin_left_corner_dim=\dimen143
\l__coffin_right_corner_dim=\dimen144
\l__coffin_bottom_corner_dim=\dimen145
\l__coffin_top_corner_dim=\dimen146
\l__coffin_scaled_total_height_dim=\dimen147
\l__coffin_scaled_width_dim=\dimen148
L3 Module: l3luatex 2016/12/28 v6805 L3 Experimental LuaTeX-specific functions
)
(C:\Users\Gener.GENER.000\AppData\Roaming\MiKTeX\2.9\tex\latex\l3kernel\l3xdvip
dfmx.def
File: l3xdvidpfmx.def 2016/12/28 v6805 L3 Experimental driver: xdvipdfmx
\l__driver_tmp_box=\box41
))
(C:\Users\Gener.GENER.000\AppData\Roaming\MiKTeX\2.9\tex\latex\l3packages\xpars
e\xparse.sty
Package: xparse 2017/02/10 v6878 L3 Experimental document command parser
\l__xparse_current_arg_int=\count125
\g__xparse_grabber_int=\count126
\l__xparse_m_args_int=\count127
\l__xparse_mandatory_args_int=\count128
\l__xparse_v_nesting_int=\count129
)
Package: fontspec 2017/01/02 v2.5c Font selection for XeLaTeX and LuaLaTeX
("C:\Program Files\MiKTeX 2.9\tex\latex\fontspec\fontspec-xetex.sty"
Package: fontspec-xetex 2017/01/02 v2.5c Font selection for XeLaTeX and LuaLaTe
X
\l__fontspec_script_int=\count130
\l__fontspec_language_int=\count131
\l__fontspec_strnum_int=\count132
\l__fontspec_tmp_int=\count133
\l__fontspec_em_int=\count134
\l__fontspec_emdef_int=\count135
\l__fontspec_tmpa_dim=\dimen149
\l__fontspec_tmpb_dim=\dimen150
\l__fontspec_tmpc_dim=\dimen151
\g__file_internal_ior=\read1
("C:\Program Files\MiKTeX 2.9\tex\latex\base\fontenc.sty"
Package: fontenc 2017/01/24 v2.0c Standard LaTeX package
("C:\Program Files\MiKTeX 2.9\tex\latex\base\tuenc.def"
File: tuenc.def 2017/01/24 v2.0c Standard LaTeX file
LaTeX Font Info:    Redeclaring font encoding TU on input line 67.
))
.................................................
. LaTeX info: "xparse/define-command"
. 
. Defining command \fontspec with sig. 'O{}mO{}' on line 470.
.................................................
.................................................
. LaTeX info: "xparse/define-command"
. 
. Defining command \setmainfont with sig. 'O{}mO{}' on line 486.
.................................................
.................................................
. LaTeX info: "xparse/define-command"
. 
. Defining command \setsansfont with sig. 'O{}mO{}' on line 502.
.................................................
.................................................
. LaTeX info: "xparse/define-command"
. 
. Defining command \setmonofont with sig. 'O{}mO{}' on line 518.
.................................................
.................................................
. LaTeX info: "xparse/define-command"
. 
. Defining command \setmathrm with sig. 'O{}mO{}' on line 523.
.................................................
.................................................
. LaTeX info: "xparse/define-command"
. 
. Defining command \setboldmathrm with sig. 'O{}mO{}' on line 528.
.................................................
.................................................
. LaTeX info: "xparse/define-command"
. 
. Defining command \setmathsf with sig. 'O{}mO{}' on line 533.
.................................................
.................................................
. LaTeX info: "xparse/define-command"
. 
. Defining command \setmathtt with sig. 'O{}mO{}' on line 538.
.................................................
.................................................
. LaTeX info: "xparse/define-command"
. 
. Defining command \newfontfamily with sig. 'mO{}mO{}' on line 558.
.................................................
.................................................
. LaTeX info: "xparse/define-command"
. 
. Defining command \newfontface with sig. 'mO{}mO{}' on line 562.
.................................................
.................................................
. LaTeX info: "xparse/define-command"
. 
. Defining command \defaultfontfeatures with sig. 't+om' on line 569.
.................................................
.................................................
. LaTeX info: "xparse/define-command"
. 
. Defining command \addfontfeatures with sig. 'm' on line 618.
.................................................
.................................................
. LaTeX info: "xparse/define-command"
. 
. Defining command \newfontfeature with sig. 'mm' on line 629.
.................................................
.................................................
. LaTeX info: "xparse/define-command"
. 
. Defining command \newAATfeature with sig. 'mmmm' on line 637.
.................................................
.................................................
. LaTeX info: "xparse/define-command"
. 
. Defining command \newopentypefeature with sig. 'mmm' on line 645.
.................................................
.................................................
. LaTeX info: "xparse/define-command"
. 
. Defining command \aliasfontfeature with sig. 'mm' on line 666.
.................................................
.................................................
. LaTeX info: "xparse/define-command"
. 
. Defining command \aliasfontfeatureoption with sig. 'mmm' on line 683.
.................................................
.................................................
. LaTeX info: "xparse/define-command"
. 
. Defining command \newfontscript with sig. 'mm' on line 687.
.................................................
.................................................
. LaTeX info: "xparse/define-command"
. 
. Defining command \newfontlanguage with sig. 'mm' on line 691.
.................................................
.................................................
. LaTeX info: "xparse/define-command"
. 
. Defining command \DeclareFontsExtensions with sig. 'm' on line 696.
.................................................
.................................................
. LaTeX info: "xparse/define-command"
. 
. Defining command \IfFontFeatureActiveTF with sig. 'mmm' on line 702.
.................................................
.................................................
. LaTeX info: "xparse/define-command"
. 
. Defining command \EncodingCommand with sig. 'mO{}m' on line 3288.
.................................................
.................................................
. LaTeX info: "xparse/define-command"
. 
. Defining command \EncodingAccent with sig. 'mm' on line 3294.
.................................................
.................................................
. LaTeX info: "xparse/define-command"
. 
. Defining command \EncodingSymbol with sig. 'mm' on line 3300.
.................................................
.................................................
. LaTeX info: "xparse/define-command"
. 
. Defining command \EncodingComposite with sig. 'mmm' on line 3306.
.................................................
.................................................
. LaTeX info: "xparse/define-command"
. 
. Defining command \EncodingCompositeCommand with sig. 'mmm' on line 3312.
.................................................
.................................................
. LaTeX info: "xparse/define-command"
. 
. Defining command \DeclareUnicodeEncoding with sig. 'mm' on line 3337.
.................................................
.................................................
. LaTeX info: "xparse/define-command"
. 
. Defining command \UndeclareSymbol with sig. 'm' on line 3343.
.................................................
.................................................
. LaTeX info: "xparse/define-command"
. 
. Defining command \UndeclareComposite with sig. 'mm' on line 3351.
.................................................
("C:\Program Files\MiKTeX 2.9\tex\latex\fontspec\fontspec.cfg")
LaTeX Info: Redefining \itshape on input line 3531.
LaTeX Info: Redefining \slshape on input line 3536.
LaTeX Info: Redefining \scshape on input line 3541.
LaTeX Info: Redefining \upshape on input line 3546.
LaTeX Info: Redefining \em on input line 3566.
LaTeX Info: Redefining \emph on input line 3583.
LaTeX Info: Redefining \- on input line 3590.
.................................................
. LaTeX info: "xparse/redefine-command"
. 
. Redefining command \oldstylenums with sig. 'm' on line 3685.
.................................................
.................................................
. LaTeX info: "xparse/define-command"
. 
. Defining command \liningnums with sig. 'm' on line 3689.
.................................................
))
Requested font "[Carlito-Regular.ttf]/OT" at 10.95pt
 -> C:/WINDOWS/Fonts/Carlito-Regular.ttf
\g__fontspec_family_Carlito_int=\count136
Requested font "[Carlito-Bold.ttf]/OT" at 10.95pt
 -> C:/WINDOWS/Fonts/Carlito-Bold.ttf
Requested font "[Carlito-Italic.ttf]/OT" at 10.95pt
 -> C:/WINDOWS/Fonts/Carlito-Italic.ttf
Requested font "[Carlito-BoldItalic.ttf]/OT" at 10.95pt
 -> C:/WINDOWS/Fonts/Carlito-BoldItalic.ttf
.................................................
. fontspec info: "defining-font"
. 
. Font family 'Carlito(0)' created for font 'Carlito' with options [Ligatures
. = TeX,Scale = 1,Extension = .ttf,Ligatures=TeX,Numbers =
. {Lining,Monospaced},UprightFont = *-Regular,ItalicFont = *-Italic,BoldFont =
. *-Bold,BoldItalicFont = *-BoldItalic].
.  
.  This font family consists of the following NFSS series/shapes:
.  
. - 'normal' (m/n) with NFSS spec.:
. <->s*[1]"[Carlito-Regular.ttf]/OT:script=latn;language=DFLT;mapping=tex-text;
+lnum;"
. - 'small caps'  (m/sc) with NFSS spec.: 
. - 'bold' (bx/n) with NFSS spec.:
. <->s*[1]"[Carlito-Bold.ttf]/OT:script=latn;language=DFLT;mapping=tex-text;+ln
um;"
. - 'bold small caps'  (bx/sc) with NFSS spec.: 
. - 'italic' (m/it) with NFSS spec.:
. <->s*[1]"[Carlito-Italic.ttf]/OT:script=latn;language=DFLT;mapping=tex-text;+
lnum;"
. - 'italic small caps'  (m/itsc) with NFSS spec.: 
. - 'bold italic' (bx/it) with NFSS spec.:
. <->s*[1]"[Carlito-BoldItalic.ttf]/OT:script=latn;language=DFLT;mapping=tex-te
xt;+lnum;"
. - 'bold italic small caps'  (bx/itsc) with NFSS spec.: 
.................................................
LaTeX Info: Redefining \sffamily on input line 83.
.................................................
. fontspec info: "defining-font"
. 
. Font family 'Carlito(1)' created for font 'Carlito' with options [Ligatures
. = TeX,Scale = 1,Extension = .ttf,Numbers = {Lining,Monospaced},UprightFont =
. *-Regular,ItalicFont = *-Italic,BoldFont = *-Bold,BoldItalicFont =
. *-BoldItalic].
.  
.  This font family consists of the following NFSS series/shapes:
.  
. - 'normal' (m/n) with NFSS spec.:
. <->s*[1]"[Carlito-Regular.ttf]/OT:script=latn;language=DFLT;mapping=tex-text;
+lnum;"
. - 'small caps'  (m/sc) with NFSS spec.: 
. - 'bold' (bx/n) with NFSS spec.:
. <->s*[1]"[Carlito-Bold.ttf]/OT:script=latn;language=DFLT;mapping=tex-text;+ln
um;"
. - 'bold small caps'  (bx/sc) with NFSS spec.: 
. - 'italic' (m/it) with NFSS spec.:
. <->s*[1]"[Carlito-Italic.ttf]/OT:script=latn;language=DFLT;mapping=tex-text;+
lnum;"
. - 'italic small caps'  (m/itsc) with NFSS spec.: 
. - 'bold italic' (bx/it) with NFSS spec.:
. <->s*[1]"[Carlito-BoldItalic.ttf]/OT:script=latn;language=DFLT;mapping=tex-te
xt;+lnum;"
. - 'bold italic small caps'  (bx/itsc) with NFSS spec.: 
.................................................
.................................................
. fontspec info: "defining-font"
. 
. Font family 'Carlito(2)' created for font 'Carlito' with options [Ligatures
. = TeX,Scale = 1,Extension = .ttf,Numbers =
. {Proportional,OldStyle},UprightFont = *-Regular,ItalicFont =
. *-Italic,BoldFont = *-Bold,BoldItalicFont = *-BoldItalic].
.  
.  This font family consists of the following NFSS series/shapes:
.  
. - 'normal' (m/n) with NFSS spec.:
. <->s*[1]"[Carlito-Regular.ttf]/OT:script=latn;language=DFLT;mapping=tex-text;
+pnum;+onum;"
. - 'small caps'  (m/sc) with NFSS spec.: 
. - 'bold' (bx/n) with NFSS spec.:
. <->s*[1]"[Carlito-Bold.ttf]/OT:script=latn;language=DFLT;mapping=tex-text;+pn
um;+onum;"
. - 'bold small caps'  (bx/sc) with NFSS spec.: 
. - 'italic' (m/it) with NFSS spec.:
. <->s*[1]"[Carlito-Italic.ttf]/OT:script=latn;language=DFLT;mapping=tex-text;+
pnum;+onum;"
. - 'italic small caps'  (m/itsc) with NFSS spec.: 
. - 'bold italic' (bx/it) with NFSS spec.:
. <->s*[1]"[Carlito-BoldItalic.ttf]/OT:script=latn;language=DFLT;mapping=tex-te
xt;+pnum;+onum;"
. - 'bold italic small caps'  (bx/itsc) with NFSS spec.: 
.................................................
.................................................
. fontspec info: "defining-font"
. 
. Font family 'Carlito(3)' created for font 'Carlito' with options [Ligatures
. = TeX,Scale = 1,Extension = .ttf,Numbers = {Proportional,Lining},UprightFont
. = *-Regular,ItalicFont = *-Italic,BoldFont = *-Bold,BoldItalicFont =
. *-BoldItalic].
.  
.  This font family consists of the following NFSS series/shapes:
.  
. - 'normal' (m/n) with NFSS spec.:
. <->s*[1]"[Carlito-Regular.ttf]/OT:script=latn;language=DFLT;mapping=tex-text;
+pnum;+lnum;"
. - 'small caps'  (m/sc) with NFSS spec.: 
. - 'bold' (bx/n) with NFSS spec.:
. <->s*[1]"[Carlito-Bold.ttf]/OT:script=latn;language=DFLT;mapping=tex-text;+pn
um;+lnum;"
. - 'bold small caps'  (bx/sc) with NFSS spec.: 
. - 'italic' (m/it) with NFSS spec.:
. <->s*[1]"[Carlito-Italic.ttf]/OT:script=latn;language=DFLT;mapping=tex-text;+
pnum;+lnum;"
. - 'italic small caps'  (m/itsc) with NFSS spec.: 
. - 'bold italic' (bx/it) with NFSS spec.:
. <->s*[1]"[Carlito-BoldItalic.ttf]/OT:script=latn;language=DFLT;mapping=tex-te
xt;+pnum;+lnum;"
. - 'bold italic small caps'  (bx/itsc) with NFSS spec.: 
.................................................
.................................................
. fontspec info: "defining-font"
. 
. Font family 'Carlito(4)' created for font 'Carlito' with options [Ligatures
. = TeX,Scale = 1,Extension = .ttf,Numbers = {Monospaced, Lining},UprightFont
. = *-Regular,ItalicFont = *-Italic,BoldFont = *-Bold,BoldItalicFont =
. *-BoldItalic].
.  
.  This font family consists of the following NFSS series/shapes:
.  
. - 'normal' (m/n) with NFSS spec.:
. <->s*[1]"[Carlito-Regular.ttf]/OT:script=latn;language=DFLT;mapping=tex-text;
+tnum;+lnum;"
. - 'small caps'  (m/sc) with NFSS spec.: 
. - 'bold' (bx/n) with NFSS spec.:
. <->s*[1]"[Carlito-Bold.ttf]/OT:script=latn;language=DFLT;mapping=tex-text;+tn
um;+lnum;"
. - 'bold small caps'  (bx/sc) with NFSS spec.: 
. - 'italic' (m/it) with NFSS spec.:
. <->s*[1]"[Carlito-Italic.ttf]/OT:script=latn;language=DFLT;mapping=tex-text;+
tnum;+lnum;"
. - 'italic small caps'  (m/itsc) with NFSS spec.: 
. - 'bold italic' (bx/it) with NFSS spec.:
. <->s*[1]"[Carlito-BoldItalic.ttf]/OT:script=latn;language=DFLT;mapping=tex-te
xt;+tnum;+lnum;"
. - 'bold italic small caps'  (bx/itsc) with NFSS spec.: 
.................................................
.................................................
. fontspec info: "defining-font"
. 
. Font family 'Carlito(5)' created for font 'Carlito' with options [Ligatures
. = TeX,Scale = 1,Extension = .ttf,Numbers = {Monospaced,
. OldStyle},UprightFont = *-Regular,ItalicFont = *-Italic,BoldFont =
. *-Bold,BoldItalicFont = *-BoldItalic].
.  
.  This font family consists of the following NFSS series/shapes:
.  
. - 'normal' (m/n) with NFSS spec.:
. <->s*[1]"[Carlito-Regular.ttf]/OT:script=latn;language=DFLT;mapping=tex-text;
+tnum;+onum;"
. - 'small caps'  (m/sc) with NFSS spec.: 
. - 'bold' (bx/n) with NFSS spec.:
. <->s*[1]"[Carlito-Bold.ttf]/OT:script=latn;language=DFLT;mapping=tex-text;+tn
um;+onum;"
. - 'bold small caps'  (bx/sc) with NFSS spec.: 
. - 'italic' (m/it) with NFSS spec.:
. <->s*[1]"[Carlito-Italic.ttf]/OT:script=latn;language=DFLT;mapping=tex-text;+
tnum;+onum;"
. - 'italic small caps'  (m/itsc) with NFSS spec.: 
. - 'bold italic' (bx/it) with NFSS spec.:
. <->s*[1]"[Carlito-BoldItalic.ttf]/OT:script=latn;language=DFLT;mapping=tex-te
xt;+tnum;+onum;"
. - 'bold italic small caps'  (bx/itsc) with NFSS spec.: 
.................................................
)
(C:\Users\Gener.GENER.000\AppData\Roaming\MiKTeX\2.9\tex\latex\fancyhdr\fancyhd
r.sty
Package: fancyhdr 2016/09/06 3.8 Extensive control of page headers and footers
\fancy@headwidth=\skip49
\f@ncyO@elh=\skip50
\f@ncyO@erh=\skip51
\f@ncyO@olh=\skip52
\f@ncyO@orh=\skip53
\f@ncyO@elf=\skip54
\f@ncyO@erf=\skip55
\f@ncyO@olf=\skip56
\f@ncyO@orf=\skip57
) ("C:\Program Files\MiKTeX 2.9\tex\latex\tools\bm.sty"
Package: bm 2017/01/16 v1.2c Bold Symbol Support (DPC/FMi)
\symboldoperators=\mathgroup5
\symboldletters=\mathgroup6
\symboldsymbols=\mathgroup7
\symboldupright=\mathgroup8
LaTeX Font Info:    Redeclaring math alphabet \mathbf on input line 141.
LaTeX Info: Redefining \bm on input line 207.
) ("C:\Program Files\MiKTeX 2.9\tex\latex\amsmath\amsmath.sty"
Package: amsmath 2016/11/05 v2.16a AMS math features
\@mathmargin=\skip58
For additional information on amsmath, use the `?' option.
("C:\Program Files\MiKTeX 2.9\tex\latex\amsmath\amstext.sty"
Package: amstext 2000/06/29 v2.01 AMS text
("C:\Program Files\MiKTeX 2.9\tex\latex\amsmath\amsgen.sty"
File: amsgen.sty 1999/11/30 v2.0 generic functions
\@emptytoks=\toks20
\ex@=\dimen152
)) ("C:\Program Files\MiKTeX 2.9\tex\latex\amsmath\amsbsy.sty"
Package: amsbsy 1999/11/29 v1.2d Bold Symbols
LaTeX Info: Redefining \boldsymbol on input line 28.
\pmbraise@=\dimen153
) ("C:\Program Files\MiKTeX 2.9\tex\latex\amsmath\amsopn.sty"
Package: amsopn 2016/03/08 v2.02 operator names
)
\inf@bad=\count137
LaTeX Info: Redefining \frac on input line 213.
\uproot@=\count138
\leftroot@=\count139
LaTeX Info: Redefining \overline on input line 375.
\classnum@=\count140
\DOTSCASE@=\count141
LaTeX Info: Redefining \ldots on input line 472.
LaTeX Info: Redefining \dots on input line 475.
LaTeX Info: Redefining \cdots on input line 596.
\Mathstrutbox@=\box42
\strutbox@=\box43
\big@size=\dimen154
LaTeX Font Info:    Redeclaring font encoding OML on input line 712.
LaTeX Font Info:    Redeclaring font encoding OMS on input line 713.
\macc@depth=\count142
\c@MaxMatrixCols=\count143
\dotsspace@=\muskip16
\c@parentequation=\count144
\dspbrk@lvl=\count145
\tag@help=\toks21
\row@=\count146
\column@=\count147
\maxfields@=\count148
\andhelp@=\toks22
\eqnshift@=\dimen155
\alignsep@=\dimen156
\tagshift@=\dimen157
\tagwidth@=\dimen158
\totwidth@=\dimen159
\lineht@=\dimen160
\@envbody=\toks23
\multlinegap=\skip59
\multlinetaggap=\skip60
\mathdisplay@stack=\toks24
LaTeX Info: Redefining \[ on input line 2817.
LaTeX Info: Redefining \] on input line 2818.
) ("C:\Program Files\MiKTeX 2.9\tex\latex\graphics\graphicx.sty"
Package: graphicx 2014/10/28 v1.0g Enhanced LaTeX Graphics (DPC,SPQR)
("C:\Program Files\MiKTeX 2.9\tex\latex\graphics\graphics.sty"
Package: graphics 2016/10/09 v1.0u Standard LaTeX Graphics (DPC,SPQR)
("C:\Program Files\MiKTeX 2.9\tex\latex\graphics\trig.sty"
Package: trig 2016/01/03 v1.10 sin cos tan (DPC)
) ("C:\Program Files\MiKTeX 2.9\tex\latex\graphics-cfg\graphics.cfg"
File: graphics.cfg 2016/06/04 v1.11 sample graphics configuration
)
Package graphics Info: Driver file: xetex.def on input line 99.
("C:\Program Files\MiKTeX 2.9\tex\latex\graphics-def\xetex.def"
File: xetex.def 2016/07/11 v4.10 LaTeX color/graphics driver for XeTeX (L3/RRM/
JK)
))
\Gin@req@height=\dimen161
\Gin@req@width=\dimen162
)
(C:\Users\Gener.GENER.000\AppData\Roaming\MiKTeX\2.9\tex\latex\placeins\placein
s.sty
Package: placeins 2005/04/18  v 2.2
)
(C:\Users\Gener.GENER.000\AppData\Roaming\MiKTeX\2.9\tex\latex\titlesec\titlese
c.sty
Package: titlesec 2016/03/21 v2.10.2 Sectioning titles
\ttl@box=\box44
\beforetitleunit=\skip61
\aftertitleunit=\skip62
\ttl@plus=\dimen163
\ttl@minus=\dimen164
\ttl@toksa=\toks25
\titlewidth=\dimen165
\titlewidthlast=\dimen166
\titlewidthfirst=\dimen167
)
(C:\Users\Gener.GENER.000\AppData\Roaming\MiKTeX\2.9\tex\latex\titlesec\block.t
ss
File: block.tss 2016/03/15
)
(C:\Users\Gener.GENER.000\AppData\Roaming\MiKTeX\2.9\tex\latex\setspace\setspac
e.sty
Package: setspace 2011/12/19 v6.7a set line spacing
)
(C:\Users\Gener.GENER.000\AppData\Roaming\MiKTeX\2.9\tex\latex\microtype\microt
ype.sty
Package: microtype 2016/05/14 v2.6a Micro-typographical refinements (RS)
\MT@toks=\toks26
\MT@count=\count149
LaTeX Info: Redefining \textls on input line 774.
\MT@outer@kern=\dimen168
LaTeX Info: Redefining \textmicrotypecontext on input line 1310.
\MT@listname@count=\count150

(C:\Users\Gener.GENER.000\AppData\Roaming\MiKTeX\2.9\tex\latex\microtype\microt
ype-xetex.def
File: microtype-xetex.def 2016/05/14 v2.6a Definitions specific to xetex (RS)
LaTeX Info: Redefining \lsstyle on input line 255.
)
Package microtype Info: Loading configuration file microtype.cfg.

(C:\Users\Gener.GENER.000\AppData\Roaming\MiKTeX\2.9\tex\latex\microtype\microt
ype.cfg
File: microtype.cfg 2016/05/14 v2.6a microtype main configuration file (RS)
))
(C:\Users\Gener.GENER.000\AppData\Roaming\MiKTeX\2.9\tex\latex\biblatex\biblate
x.sty
Package: biblatex 2016/12/05 v3.7 programmable bibliographies (PK/JW/AB)
("C:\Program Files\MiKTeX 2.9\tex\generic\oberdiek\pdftexcmds.sty"
Package: pdftexcmds 2016/05/21 v0.22 Utility functions of pdfTeX for LuaTeX (HO
)
("C:\Program Files\MiKTeX 2.9\tex\generic\oberdiek\infwarerr.sty"
Package: infwarerr 2016/05/16 v1.4 Providing info/warning/error messages (HO)
) ("C:\Program Files\MiKTeX 2.9\tex\generic\oberdiek\ltxcmds.sty"
Package: ltxcmds 2016/05/16 v1.23 LaTeX kernel commands for general use (HO)
)
Package pdftexcmds Info: LuaTeX not detected.
Package pdftexcmds Info: pdfTeX >= 1.30 not detected.
Package pdftexcmds Info: \pdf@primitive is available.
Package pdftexcmds Info: \pdf@ifprimitive is available.
Package pdftexcmds Info: \pdfdraftmode not found.
)
(C:\Users\Gener.GENER.000\AppData\Roaming\MiKTeX\2.9\tex\latex\etoolbox\etoolbo
x.sty
Package: etoolbox 2017/01/02 v2.4 e-TeX tools for LaTeX (JAW)
\etb@tempcnta=\count151
) ("C:\Program Files\MiKTeX 2.9\tex\latex\oberdiek\kvoptions.sty"
Package: kvoptions 2016/05/16 v3.12 Key value format for package options (HO)
("C:\Program Files\MiKTeX 2.9\tex\generic\oberdiek\kvsetkeys.sty"
Package: kvsetkeys 2016/05/16 v1.17 Key value parser (HO)
("C:\Program Files\MiKTeX 2.9\tex\generic\oberdiek\etexcmds.sty"
Package: etexcmds 2016/05/16 v1.6 Avoid name clashes with e-TeX commands (HO)
Package etexcmds Info: Could not find \expanded.
(etexcmds)             That can mean that you are not using pdfTeX 1.50 or
(etexcmds)             that some package has redefined \expanded.
(etexcmds)             In the latter case, load this package earlier.
)))
(C:\Users\Gener.GENER.000\AppData\Roaming\MiKTeX\2.9\tex\latex\logreq\logreq.st
y
Package: logreq 2010/08/04 v1.0 xml request logger
\lrq@indent=\count152

(C:\Users\Gener.GENER.000\AppData\Roaming\MiKTeX\2.9\tex\latex\logreq\logreq.de
f
File: logreq.def 2010/08/04 v1.0 logreq spec v1.0
)) ("C:\Program Files\MiKTeX 2.9\tex\latex\base\ifthen.sty"
Package: ifthen 2014/09/29 v1.1c Standard LaTeX ifthen package (DPC)
) (C:\Users\Gener.GENER.000\AppData\Roaming\MiKTeX\2.9\tex\latex\url\url.sty
\Urlmuskip=\muskip17
Package: url 2013/09/16  ver 3.4  Verb mode for urls, etc.
)
(C:\Users\Gener.GENER.000\AppData\Roaming\MiKTeX\2.9\tex\latex\xstring\xstring.
sty
(C:\Users\Gener.GENER.000\AppData\Roaming\MiKTeX\2.9\tex\generic\xstring\xstrin
g.tex
\@xs@message=\write3
\integerpart=\count153
\decimalpart=\count154
)
Package: xstring 2013/10/13  v1.7c  String manipulations (C Tellechea)
)
\c@tabx@nest=\count155
\c@listtotal=\count156
\c@listcount=\count157
\c@liststart=\count158
\c@liststop=\count159
\c@citecount=\count160
\c@citetotal=\count161
\c@multicitecount=\count162
\c@multicitetotal=\count163
\c@instcount=\count164
\c@maxnames=\count165
\c@minnames=\count166
\c@maxitems=\count167
\c@minitems=\count168
\c@citecounter=\count169
\c@savedcitecounter=\count170
\c@uniquelist=\count171
\c@uniquename=\count172
\c@refsection=\count173
\c@refsegment=\count174
\c@maxextratitle=\count175
\c@maxextratitleyear=\count176
\c@maxextrayear=\count177
\c@maxextraalpha=\count178
\c@abbrvpenalty=\count179
\c@highnamepenalty=\count180
\c@lownamepenalty=\count181
\c@maxparens=\count182
\c@parenlevel=\count183
\blx@tempcnta=\count184
\blx@tempcntb=\count185
\blx@tempcntc=\count186
\blx@maxsection=\count187
\blx@maxsegment@0=\count188
\blx@notetype=\count189
\blx@parenlevel@text=\count190
\blx@parenlevel@foot=\count191
\blx@sectionciteorder@0=\count192
\labelnumberwidth=\skip63
\labelalphawidth=\skip64
\biblabelsep=\skip65
\bibitemsep=\skip66
\bibnamesep=\skip67
\bibinitsep=\skip68
\bibparsep=\skip69
\bibhang=\skip70
\blx@bcfin=\read2
\blx@bcfout=\write4
\c@mincomprange=\count193
\c@maxcomprange=\count194
\c@mincompwidth=\count195
Package biblatex Info: Trying to load biblatex default data model...
Package biblatex Info: ... file 'blx-dm.def' found.

(C:\Users\Gener.GENER.000\AppData\Roaming\MiKTeX\2.9\tex\latex\biblatex\blx-dm.
def)
Package biblatex Info: Trying to load biblatex style data model...
Package biblatex Info: ... file 'authoryear.dbx' not found.
Package biblatex Info: Trying to load biblatex custom data model...
Package biblatex Info: ... file 'biblatex-dm.cfg' not found.
\c@afterword=\count196
\c@savedafterword=\count197
\c@annotator=\count198
\c@savedannotator=\count199
\c@author=\count266
\c@savedauthor=\count267
\c@bookauthor=\count268
\c@savedbookauthor=\count269
\c@commentator=\count270
\c@savedcommentator=\count271
\c@editor=\count272
\c@savededitor=\count273
\c@editora=\count274
\c@savededitora=\count275
\c@editorb=\count276
\c@savededitorb=\count277
\c@editorc=\count278
\c@savededitorc=\count279
\c@foreword=\count280
\c@savedforeword=\count281
\c@holder=\count282
\c@savedholder=\count283
\c@introduction=\count284
\c@savedintroduction=\count285
\c@namea=\count286
\c@savednamea=\count287
\c@nameb=\count288
\c@savednameb=\count289
\c@namec=\count290
\c@savednamec=\count291
\c@translator=\count292
\c@savedtranslator=\count293
\c@shortauthor=\count294
\c@savedshortauthor=\count295
\c@shorteditor=\count296
\c@savedshorteditor=\count297
\c@labelname=\count298
\c@savedlabelname=\count299
\c@institution=\count300
\c@savedinstitution=\count301
\c@lista=\count302
\c@savedlista=\count303
\c@listb=\count304
\c@savedlistb=\count305
\c@listc=\count306
\c@savedlistc=\count307
\c@listd=\count308
\c@savedlistd=\count309
\c@liste=\count310
\c@savedliste=\count311
\c@listf=\count312
\c@savedlistf=\count313
\c@location=\count314
\c@savedlocation=\count315
\c@organization=\count316
\c@savedorganization=\count317
\c@origlocation=\count318
\c@savedoriglocation=\count319
\c@origpublisher=\count320
\c@savedorigpublisher=\count321
\c@publisher=\count322
\c@savedpublisher=\count323
\c@language=\count324
\c@savedlanguage=\count325
\c@pageref=\count326
\c@savedpageref=\count327
\shorthandwidth=\skip71
\shortjournalwidth=\skip72
\shortserieswidth=\skip73
\shorttitlewidth=\skip74
\shortauthorwidth=\skip75
\shorteditorwidth=\skip76
Package biblatex Info: Trying to load compatibility code...
Package biblatex Info: ... file 'blx-compat.def' found.

(C:\Users\Gener.GENER.000\AppData\Roaming\MiKTeX\2.9\tex\latex\biblatex\blx-com
pat.def
File: blx-compat.def 2016/12/05 v3.7 biblatex compatibility (PK/JW/AB)
)
Package biblatex Info: Trying to load generic definitions...
Package biblatex Info: ... file 'biblatex.def' found.

(C:\Users\Gener.GENER.000\AppData\Roaming\MiKTeX\2.9\tex\latex\biblatex\biblate
x.def
File: biblatex.def 2016/12/05 v3.7 biblatex compatibility (PK/JW/AB)
\c@textcitecount=\count328
\c@textcitetotal=\count329
\c@textcitemaxnames=\count330
\c@biburlnumpenalty=\count331
\c@biburlucpenalty=\count332
\c@biburllcpenalty=\count333
\c@smartand=\count334
)
Package biblatex Info: Trying to load natbib compatibility...
Package biblatex Info: ... file 'blx-natbib.def' found.

(C:\Users\Gener.GENER.000\AppData\Roaming\MiKTeX\2.9\tex\latex\biblatex\blx-nat
bib.def
File: blx-natbib.def 2016/12/05 v3.7 biblatex compatibility (PK/JW/AB)
)
Package biblatex Info: Trying to load bibliography style 'authoryear'...
Package biblatex Info: ... file 'authoryear.bbx' found.

(C:\Users\Gener.GENER.000\AppData\Roaming\MiKTeX\2.9\tex\latex\biblatex\bbx\aut
horyear.bbx
File: authoryear.bbx 2016/12/05 v3.7 biblatex bibliography style (PK/JW/AB)
Package biblatex Info: Trying to load bibliography style 'standard'...
Package biblatex Info: ... file 'standard.bbx' found.

(C:\Users\Gener.GENER.000\AppData\Roaming\MiKTeX\2.9\tex\latex\biblatex\bbx\sta
ndard.bbx
File: standard.bbx 2016/12/05 v3.7 biblatex bibliography style (PK/JW/AB)
\c@bbx:relatedcount=\count335
\c@bbx:relatedtotal=\count336
))
Package biblatex Info: Trying to load citation style 'authoryear'...
Package biblatex Info: ... file 'authoryear.cbx' found.

(C:\Users\Gener.GENER.000\AppData\Roaming\MiKTeX\2.9\tex\latex\biblatex\cbx\aut
horyear.cbx
File: authoryear.cbx 2016/12/05 v3.7 biblatex citation style (PK/JW/AB)
Package biblatex Info: Redefining '\cite'.
Package biblatex Info: Redefining '\parencite'.
Package biblatex Info: Redefining '\footcite'.
Package biblatex Info: Redefining '\footcitetext'.
Package biblatex Info: Redefining '\smartcite'.
Package biblatex Info: Redefining '\textcite'.
Package biblatex Info: Redefining '\textcites'.
)
Package biblatex Info: Trying to load configuration file...
Package biblatex Info: ... file 'biblatex.cfg' found.

(C:\Users\Gener.GENER.000\AppData\Roaming\MiKTeX\2.9\tex\latex\biblatex\biblate
x.cfg
File: biblatex.cfg 
)

Package biblatex Warning: 'labeldate' option used to determine whether to provi
de label date fields and
(biblatex)                extrayear field is renamed to 'labeldateparts', setti
ng this instead. This option is now used to set the format of the labeldate.

)
(C:\Users\Gener.GENER.000\AppData\Roaming\MiKTeX\2.9\tex\latex\xpatch\xpatch.st
y
Package: xpatch 2012/10/02 v0.3 Extending etoolbox patching commands
.................................................
. LaTeX info: "xparse/define-command"
. 
. Defining command \xpatchcmd with sig. '' on line 125.
.................................................
.................................................
. LaTeX info: "xparse/define-command"
. 
. Defining command \xpretocmd with sig. '' on line 126.
.................................................
.................................................
. LaTeX info: "xparse/define-command"
. 
. Defining command \xapptocmd with sig. '' on line 127.
.................................................
.................................................
. LaTeX info: "xparse/define-command"
. 
. Defining command \xshowcmd with sig. '' on line 128.
.................................................
.................................................
. LaTeX info: "xparse/define-command"
. 
. Defining command \xpatchbibmacro with sig. 'm' on line 131.
.................................................
.................................................
. LaTeX info: "xparse/define-command"
. 
. Defining command \xpretobibmacro with sig. 'm' on line 133.
.................................................
.................................................
. LaTeX info: "xparse/define-command"
. 
. Defining command \xapptobibmacro with sig. 'm' on line 135.
.................................................
.................................................
. LaTeX info: "xparse/define-command"
. 
. Defining command \xshowbibmacro with sig. 'm' on line 137.
.................................................
.................................................
. LaTeX info: "xparse/define-command"
. 
. Defining command \xpatchfieldformat with sig. 'O{*}m' on line 139.
.................................................
.................................................
. LaTeX info: "xparse/define-command"
. 
. Defining command \xpretofieldformat with sig. 'O{*}m' on line 141.
.................................................
.................................................
. LaTeX info: "xparse/define-command"
. 
. Defining command \xapptofieldformat with sig. 'O{*}m' on line 143.
.................................................
.................................................
. LaTeX info: "xparse/define-command"
. 
. Defining command \xshowfieldformat with sig. 'O{*}m' on line 145.
.................................................
.................................................
. LaTeX info: "xparse/define-command"
. 
. Defining command \xpatchnameformat with sig. 'O{*}m' on line 147.
.................................................
.................................................
. LaTeX info: "xparse/define-command"
. 
. Defining command \xpretonameformat with sig. 'O{*}m' on line 149.
.................................................
.................................................
. LaTeX info: "xparse/define-command"
. 
. Defining command \xapptonameformat with sig. 'O{*}m' on line 151.
.................................................
.................................................
. LaTeX info: "xparse/define-command"
. 
. Defining command \xshownameformat with sig. 'O{*}m' on line 153.
.................................................
.................................................
. LaTeX info: "xparse/define-command"
. 
. Defining command \xpatchlistformat with sig. 'O{*}m' on line 155.
.................................................
.................................................
. LaTeX info: "xparse/define-command"
. 
. Defining command \xpretolistformat with sig. 'O{*}m' on line 157.
.................................................
.................................................
. LaTeX info: "xparse/define-command"
. 
. Defining command \xapptolistformat with sig. 'O{*}m' on line 159.
.................................................
.................................................
. LaTeX info: "xparse/define-command"
. 
. Defining command \xshowlistformat with sig. 'O{*}m' on line 161.
.................................................
.................................................
. LaTeX info: "xparse/define-command"
. 
. Defining command \xpatchindexfieldformat with sig. 'O{*}m' on line 163.
.................................................
.................................................
. LaTeX info: "xparse/define-command"
. 
. Defining command \xpretoindexfieldformat with sig. 'O{*}m' on line 165.
.................................................
.................................................
. LaTeX info: "xparse/define-command"
. 
. Defining command \xapptoindexfieldformat with sig. 'O{*}m' on line 167.
.................................................
.................................................
. LaTeX info: "xparse/define-command"
. 
. Defining command \xshowindexfieldformat with sig. 'O{*}m' on line 169.
.................................................
.................................................
. LaTeX info: "xparse/define-command"
. 
. Defining command \xpatchindexnameformat with sig. 'O{*}m' on line 171.
.................................................
.................................................
. LaTeX info: "xparse/define-command"
. 
. Defining command \xpretoindexnameformat with sig. 'O{*}m' on line 173.
.................................................
.................................................
. LaTeX info: "xparse/define-command"
. 
. Defining command \xapptoindexnameformat with sig. 'O{*}m' on line 175.
.................................................
.................................................
. LaTeX info: "xparse/define-command"
. 
. Defining command \xshowindexnameformat with sig. 'O{*}m' on line 177.
.................................................
.................................................
. LaTeX info: "xparse/define-command"
. 
. Defining command \xpatchindexlistformat with sig. 'O{*}m' on line 179.
.................................................
.................................................
. LaTeX info: "xparse/define-command"
. 
. Defining command \xpretoindexlistformat with sig. 'O{*}m' on line 181.
.................................................
.................................................
. LaTeX info: "xparse/define-command"
. 
. Defining command \xappindextolistformat with sig. 'O{*}m' on line 183.
.................................................
.................................................
. LaTeX info: "xparse/define-command"
. 
. Defining command \xshowindexlistformat with sig. 'O{*}m' on line 185.
.................................................
.................................................
. LaTeX info: "xparse/define-command"
. 
. Defining command \xpatchbibdriver with sig. 'm' on line 187.
.................................................
.................................................
. LaTeX info: "xparse/define-command"
. 
. Defining command \xpretobibdriver with sig. 'm' on line 189.
.................................................
.................................................
. LaTeX info: "xparse/define-command"
. 
. Defining command \xapptobibdriver with sig. 'm' on line 191.
.................................................
.................................................
. LaTeX info: "xparse/define-command"
. 
. Defining command \xshowbibdriver with sig. 'm' on line 193.
.................................................
)
(C:\Users\Gener.GENER.000\AppData\Roaming\MiKTeX\2.9\tex\latex\xcolor\xcolor.st
y
Package: xcolor 2016/05/11 v2.12 LaTeX color extensions (UK)
("C:\Program Files\MiKTeX 2.9\tex\latex\graphics-cfg\color.cfg"
File: color.cfg 2016/01/02 v1.6 sample color configuration
)
Package xcolor Info: Driver file: xetex.def on input line 225.
Package xcolor Info: Model `cmy' substituted by `cmy0' on input line 1348.
Package xcolor Info: Model `RGB' extended on input line 1364.
Package xcolor Info: Model `HTML' substituted by `rgb' on input line 1366.
Package xcolor Info: Model `Hsb' substituted by `hsb' on input line 1367.
Package xcolor Info: Model `tHsb' substituted by `hsb' on input line 1368.
Package xcolor Info: Model `HSB' substituted by `hsb' on input line 1369.
Package xcolor Info: Model `Gray' substituted by `gray' on input line 1370.
Package xcolor Info: Model `wave' substituted by `hsb' on input line 1371.
) ("C:\Program Files\MiKTeX 2.9\tex\latex\hyperref\hyperref.sty"
Package: hyperref 2016/06/24 v6.83q Hypertext links for LaTeX
("C:\Program Files\MiKTeX 2.9\tex\generic\oberdiek\hobsub-hyperref.sty"
Package: hobsub-hyperref 2016/05/16 v1.14 Bundle oberdiek, subset hyperref (HO)

("C:\Program Files\MiKTeX 2.9\tex\generic\oberdiek\hobsub-generic.sty"
Package: hobsub-generic 2016/05/16 v1.14 Bundle oberdiek, subset generic (HO)
Package: hobsub 2016/05/16 v1.14 Construct package bundles (HO)
Package hobsub Info: Skipping package `infwarerr' (already loaded).
Package hobsub Info: Skipping package `ltxcmds' (already loaded).
Package hobsub Info: Skipping package `ifluatex' (already loaded).
Package hobsub Info: Skipping package `ifvtex' (already loaded).
Package: intcalc 2016/05/16 v1.2 Expandable calculations with integers (HO)
Package hobsub Info: Skipping package `ifpdf' (already loaded).
Package hobsub Info: Skipping package `etexcmds' (already loaded).
Package hobsub Info: Skipping package `kvsetkeys' (already loaded).
Package: kvdefinekeys 2016/05/16 v1.4 Define keys (HO)
Package hobsub Info: Skipping package `pdftexcmds' (already loaded).
Package: pdfescape 2016/05/16 v1.14 Implements pdfTeX's escape features (HO)
Package: bigintcalc 2016/05/16 v1.4 Expandable calculations on big integers (HO
)
Package: bitset 2016/05/16 v1.2 Handle bit-vector datatype (HO)
Package: uniquecounter 2016/05/16 v1.3 Provide unlimited unique counter (HO)
)
Package hobsub Info: Skipping package `hobsub' (already loaded).
Package: letltxmacro 2016/05/16 v1.5 Let assignment for LaTeX macros (HO)
Package: hopatch 2016/05/16 v1.3 Wrapper for package hooks (HO)
Package: xcolor-patch 2016/05/16 xcolor patch
Package: atveryend 2016/05/16 v1.9 Hooks at the very end of document (HO)
Package: atbegshi 2016/06/09 v1.18 At begin shipout hook (HO)
Package: refcount 2016/05/16 v3.5 Data extraction from label references (HO)
Package: hycolor 2016/05/16 v1.8 Color options for hyperref/bookmark (HO)
) ("C:\Program Files\MiKTeX 2.9\tex\latex\oberdiek\auxhook.sty"
Package: auxhook 2016/05/16 v1.4 Hooks for auxiliary files (HO)
)
\@linkdim=\dimen169
\Hy@linkcounter=\count337
\Hy@pagecounter=\count338
("C:\Program Files\MiKTeX 2.9\tex\latex\hyperref\pd1enc.def"
File: pd1enc.def 2016/06/24 v6.83q Hyperref: PDFDocEncoding definition (HO)
)
\Hy@SavedSpaceFactor=\count339
("C:\Program Files\MiKTeX 2.9\tex\latex\00miktex\hyperref.cfg"
File: hyperref.cfg 2002/06/06 v1.2 hyperref configuration of TeXLive
)
Package hyperref Info: Option `colorlinks' set `false' on input line 4362.
Package hyperref Info: Hyper figures OFF on input line 4486.
Package hyperref Info: Link nesting OFF on input line 4491.
Package hyperref Info: Hyper index ON on input line 4494.
Package hyperref Info: Plain pages OFF on input line 4501.
Package hyperref Info: Backreferencing OFF on input line 4506.
Package hyperref Info: Implicit mode ON; LaTeX internals redefined.
Package hyperref Info: Bookmarks ON on input line 4735.
\c@Hy@tempcnt=\count340
LaTeX Info: Redefining \url on input line 5088.
\XeTeXLinkMargin=\dimen170
Requested font "pzdr" at 0.00002pt
\Fld@menulength=\count341
\Field@Width=\dimen171
\Fld@charsize=\dimen172
Package hyperref Info: Hyper figures OFF on input line 6342.
Package hyperref Info: Link nesting OFF on input line 6347.
Package hyperref Info: Hyper index ON on input line 6350.
Package hyperref Info: backreferencing OFF on input line 6357.
Package hyperref Info: Link coloring OFF on input line 6362.
Package hyperref Info: Link coloring with OCG OFF on input line 6367.
Package hyperref Info: PDF/A mode OFF on input line 6372.
LaTeX Info: Redefining \ref on input line 6412.
LaTeX Info: Redefining \pageref on input line 6416.
\Hy@abspage=\count342
\c@Item=\count343
\c@Hfootnote=\count344
)

Package hyperref Message: Driver (autodetected): hxetex.

("C:\Program Files\MiKTeX 2.9\tex\latex\hyperref\hxetex.def"
File: hxetex.def 2016/06/24 v6.83q Hyperref driver for XeTeX
("C:\Program Files\MiKTeX 2.9\tex\latex\hyperref\puenc.def"
File: puenc.def 2016/06/24 v6.83q Hyperref: PDF Unicode definition (HO)
) ("C:\Program Files\MiKTeX 2.9\tex\generic\oberdiek\stringenc.sty"
Package: stringenc 2016/05/16 v1.11 Convert strings between diff. encodings (HO
)
)
\pdfm@box=\box45
\c@Hy@AnnotLevel=\count345
\HyField@AnnotCount=\count346
\Fld@listcount=\count347
\c@bookmark@seq@number=\count348
("C:\Program Files\MiKTeX 2.9\tex\latex\oberdiek\rerunfilecheck.sty"
Package: rerunfilecheck 2016/05/16 v1.8 Rerun checks for auxiliary files (HO)
Package rerunfilecheck Info: Feature \pdfmdfivesum is not available
(rerunfilecheck)             (e.g. pdfTeX or LuaTeX with package `pdftexcmds').

(rerunfilecheck)             Therefore file contents cannot be checked efficien
tly
(rerunfilecheck)             and the loading of the package is aborted.
)
\Hy@SectionHShift=\skip77
)
Package hyperref Info: Option `breaklinks' set `true' on input line 177.
Package hyperref Info: Option `bookmarksopen' set `true' on input line 177.
Package hyperref Info: Option `bookmarksnumbered' set `true' on input line 177.

Package hyperref Info: Option `colorlinks' set `true' on input line 177.

(C:\Users\Gener.GENER.000\AppData\Roaming\MiKTeX\2.9\tex\latex\tocbibind\tocbib
ind.sty
Package: tocbibind 2010/10/13 v1.5k extra ToC listings
Package tocbibind Info: The document has chapter divisions on input line 50.

Package tocbibind Note: Using chapter style headings, unless overridden.

)
(C:\Users\Gener.GENER.000\AppData\Roaming\MiKTeX\2.9\tex\latex\tocloft\tocloft.
sty
Package: tocloft 2013/05/02 v2.3f parameterised ToC, etc., typesetting
Package tocloft Info: The document has chapter divisions on input line 44.
\cftparskip=\skip78
\cftbeforetoctitleskip=\skip79
\cftaftertoctitleskip=\skip80
\cftbeforepartskip=\skip81
\cftpartnumwidth=\skip82
\cftpartindent=\skip83
\cftbeforechapskip=\skip84
\cftchapindent=\skip85
\cftchapnumwidth=\skip86
\cftbeforesecskip=\skip87
\cftsecindent=\skip88
\cftsecnumwidth=\skip89
\cftbeforesubsecskip=\skip90
\cftsubsecindent=\skip91
\cftsubsecnumwidth=\skip92
\cftbeforesubsubsecskip=\skip93
\cftsubsubsecindent=\skip94
\cftsubsubsecnumwidth=\skip95
\cftbeforeparaskip=\skip96
\cftparaindent=\skip97
\cftparanumwidth=\skip98
\cftbeforesubparaskip=\skip99
\cftsubparaindent=\skip100
\cftsubparanumwidth=\skip101
\cftbeforeloftitleskip=\skip102
\cftafterloftitleskip=\skip103
\cftbeforefigskip=\skip104
\cftfigindent=\skip105
\cftfignumwidth=\skip106
\c@lofdepth=\count349
\c@lotdepth=\count350
\cftbeforelottitleskip=\skip107
\cftafterlottitleskip=\skip108
\cftbeforetabskip=\skip109
\cfttabindent=\skip110
\cfttabnumwidth=\skip111
)
(C:\Users\Gener.GENER.000\AppData\Roaming\MiKTeX\2.9\tex\latex\framed\framed.st
y
Package: framed 2011/10/22 v 0.96: framed or shaded text with page breaks
\OuterFrameSep=\skip112
\fb@frw=\dimen173
\fb@frh=\dimen174
\FrameRule=\dimen175
\FrameSep=\dimen176
)
(C:\Users\Gener.GENER.000\AppData\Roaming\MiKTeX\2.9\tex\latex\fancyvrb\fancyvr
b.sty
Package: fancyvrb 2008/02/07

Style option: `fancyvrb' v2.7a, with DG/SPQR fixes, and firstline=lastline fix 
<2008/02/07> (tvz)
\FV@CodeLineNo=\count351
\FV@InFile=\read3
\FV@TabBox=\box46
\c@FancyVerbLine=\count352
\FV@StepNumber=\count353
\FV@OutFile=\write5
) ("C:\Program Files\MiKTeX 2.9\tex\latex\tools\longtable.sty"
Package: longtable 2014/10/28 v4.11 Multi-page Table package (DPC)
\LTleft=\skip113
\LTright=\skip114
\LTpre=\skip115
\LTpost=\skip116
\LTchunksize=\count354
\LTcapwidth=\dimen177
\LT@head=\box47
\LT@firsthead=\box48
\LT@foot=\box49
\LT@lastfoot=\box50
\LT@cols=\count355
\LT@rows=\count356
\c@LT@tables=\count357
\c@LT@chunks=\count358
\LT@p@ftn=\toks27
)
(C:\Users\Gener.GENER.000\AppData\Roaming\MiKTeX\2.9\tex\latex\booktabs\booktab
s.sty
Package: booktabs 2005/04/14 v1.61803 publication quality tables
\heavyrulewidth=\dimen178
\lightrulewidth=\dimen179
\cmidrulewidth=\dimen180
\belowrulesep=\dimen181
\belowbottomsep=\dimen182
\aboverulesep=\dimen183
\abovetopsep=\dimen184
\cmidrulesep=\dimen185
\cmidrulekern=\dimen186
\defaultaddspace=\dimen187
\@cmidla=\count359
\@cmidlb=\count360
\@aboverulesep=\dimen188
\@belowrulesep=\dimen189
\@thisruleclass=\count361
\@lastruleclass=\count362
\@thisrulewidth=\dimen190
))
Package biblatex Info: Trying to load language 'english'...
Package biblatex Info: ... file 'english.lbx' found.

(C:\Users\Gener.GENER.000\AppData\Roaming\MiKTeX\2.9\tex\latex\biblatex\lbx\eng
lish.lbx
File: english.lbx 2016/12/05 v3.7 biblatex localization (PK/JW/AB)
)
\@quotelevel=\count363
\@quotereset=\count364
(thesis.aux)
\openout1 = `thesis.aux'.

LaTeX Font Info:    Checking defaults for OML/cmm/m/it on input line 23.
LaTeX Font Info:    ... okay on input line 23.
LaTeX Font Info:    Checking defaults for T1/cmr/m/n on input line 23.
LaTeX Font Info:    ... okay on input line 23.
LaTeX Font Info:    Checking defaults for OT1/cmr/m/n on input line 23.
LaTeX Font Info:    ... okay on input line 23.
LaTeX Font Info:    Checking defaults for OMS/cmsy/m/n on input line 23.
LaTeX Font Info:    ... okay on input line 23.
LaTeX Font Info:    Checking defaults for TU/lmr/m/n on input line 23.
LaTeX Font Info:    ... okay on input line 23.
LaTeX Font Info:    Checking defaults for OMX/cmex/m/n on input line 23.
LaTeX Font Info:    ... okay on input line 23.
LaTeX Font Info:    Checking defaults for U/cmr/m/n on input line 23.
LaTeX Font Info:    ... okay on input line 23.
LaTeX Font Info:    Checking defaults for TS1/cmr/m/n on input line 23.
LaTeX Font Info:    Try loading font information for TS1+cmr on input line 23.
("C:\Program Files\MiKTeX 2.9\tex\latex\base\ts1cmr.fd"
File: ts1cmr.fd 2014/09/29 v2.5h Standard LaTeX font definitions
)
LaTeX Font Info:    ... okay on input line 23.
LaTeX Font Info:    Checking defaults for PD1/pdf/m/n on input line 23.
LaTeX Font Info:    ... okay on input line 23.
LaTeX Font Info:    Checking defaults for PU/pdf/m/n on input line 23.
LaTeX Font Info:    ... okay on input line 23.
*geometry* detected driver: pdftex
*geometry* verbose mode - [ preamble ] result:
* driver: pdftex
* paper: a4paper
* layout: <same size as paper>
* layoutoffset:(h,v)=(0.0pt,0.0pt)
* modes: twoside 
* h-part:(L,W,R)=(99.58464pt, 426.79135pt, 71.13188pt)
* v-part:(T,H,B)=(71.13188pt, 674.33032pt, 99.58464pt)
* \paperwidth=597.50787pt
* \paperheight=845.04684pt
* \textwidth=426.79135pt
* \textheight=674.33032pt
* \oddsidemargin=27.31465pt
* \evensidemargin=-1.1381pt
* \topmargin=-38.1381pt
* \headheight=15.0pt
* \headsep=25.0pt
* \topskip=11.0pt
* \footskip=30.0pt
* \marginparwidth=103.0pt
* \marginparsep=10.0pt
* \columnsep=10.0pt
* \skip\footins=10.0pt plus 4.0pt minus 2.0pt
* \hoffset=0.0pt
* \voffset=0.0pt
* \mag=1000
* \@twocolumnfalse
* \@twosidetrue
* \@mparswitchtrue
* \@reversemarginfalse
* (1in=72.27pt=25.4mm, 1cm=28.453pt)

Package caption Info: Begin \AtBeginDocument code.
Package caption Info: hyperref package is loaded.
Package caption Info: longtable package is loaded.

(C:\Users\Gener.GENER.000\AppData\Roaming\MiKTeX\2.9\tex\latex\caption\ltcaptio
n.sty
Package: ltcaption 2013/06/09 v1.4-94 longtable captions (AR)
)
Package caption Info: End \AtBeginDocument code.
LaTeX Info: Redefining \microtypecontext on input line 23.
Package microtype Info: Character protrusion enabled (level 2).
Package microtype Info: Using default protrusion set `alltext'.
Package microtype Info: No adjustment of tracking.
Package microtype Info: No adjustment of spacing.
Package microtype Info: No adjustment of kerning.

(C:\Users\Gener.GENER.000\AppData\Roaming\MiKTeX\2.9\tex\latex\microtype\mt-Lat
inModernRoman.cfg
File: mt-LatinModernRoman.cfg 2013/03/13 v1.0 microtype config. file: Latin Mod
ern Roman (RS)
)
Package biblatex Info: XeTeX detected.
(biblatex)             Assuming input encoding 'utf8'.
Package biblatex Info: Data encoding 'utf8' specified.
(biblatex)             No need to reencode data.
\openout4 = `thesis.bcf'.

Package biblatex Info: Trying to load bibliographic data...
Package biblatex Info: ... file 'thesis.bbl' found.
(thesis.bbl)
Package biblatex Info: Reference section=0 on input line 23.
Package biblatex Info: Reference segment=0 on input line 23.
\AtBeginShipoutBox=\box51
Package hyperref Info: Link coloring ON on input line 23.
("C:\Program Files\MiKTeX 2.9\tex\latex\hyperref\nameref.sty"
Package: nameref 2016/05/21 v2.44 Cross-referencing by name of section
("C:\Program Files\MiKTeX 2.9\tex\generic\oberdiek\gettitlestring.sty"
Package: gettitlestring 2016/05/16 v1.5 Cleanup title references (HO)
)
\c@section@level=\count365
)
LaTeX Info: Redefining \ref on input line 23.
LaTeX Info: Redefining \pageref on input line 23.
LaTeX Info: Redefining \nameref on input line 23.
(thesis.out) (thesis.out)
\@outlinefile=\write6
\openout6 = `thesis.out'.

LaTeX Font Info:    Font shape `TU/Carlito(0)/m/n' will be
(Font)              scaled to size 10.95pt on input line 27.
Requested font "[Carlito-Regular.ttf]/OT:script=latn;language=DFLT;mapping=tex-
text;+lnum;" at 10.95pt
 -> C:/WINDOWS/Fonts/Carlito-Regular.ttf
Package microtype Info: Loading generic settings for font family
(microtype)             `Carlito' (encoding: TU).
(microtype)             For optimal results, create family-specific settings.
(microtype)             See the microtype manual for details.
LaTeX Font Info:    Font shape `TU/Carlito(0)/m/n' will be
(Font)              scaled to size 24.88pt on input line 27.
Requested font "[Carlito-Regular.ttf]/OT:script=latn;language=DFLT;mapping=tex-
text;+lnum;" at 24.88pt
 -> C:/WINDOWS/Fonts/Carlito-Regular.ttf
LaTeX Font Info:    Font shape `TU/Carlito(0)/bx/n' will be
(Font)              scaled to size 24.88pt on input line 27.
Requested font "[Carlito-Bold.ttf]/OT:script=latn;language=DFLT;mapping=tex-tex
t;+lnum;" at 24.88pt
 -> C:/WINDOWS/Fonts/Carlito-Bold.ttf
LaTeX Font Info:    Font shape `TU/Carlito(0)/m/n' will be
(Font)              scaled to size 14.4pt on input line 27.
Requested font "[Carlito-Regular.ttf]/OT:script=latn;language=DFLT;mapping=tex-
text;+lnum;" at 14.4pt
 -> C:/WINDOWS/Fonts/Carlito-Regular.ttf
LaTeX Font Info:    Font shape `TU/Carlito(0)/m/n' will be
(Font)              scaled to size 17.28pt on input line 27.
Requested font "[Carlito-Regular.ttf]/OT:script=latn;language=DFLT;mapping=tex-
text;+lnum;" at 17.28pt
 -> C:/WINDOWS/Fonts/Carlito-Regular.ttf
File: figures/uabc.png Graphic file (type QTm)
<use  "figures/uabc.png" >
LaTeX Font Info:    Font shape `TU/Carlito(0)/m/n' will be
(Font)              scaled to size 12.0pt on input line 27.
Requested font "[Carlito-Regular.ttf]/OT:script=latn;language=DFLT;mapping=tex-
text;+lnum;" at 12.0pt
 -> C:/WINDOWS/Fonts/Carlito-Regular.ttf
("C:\Program Files\MiKTeX 2.9\tex\generic\oberdiek\se-ascii-print.def"
File: se-ascii-print.def 2016/05/16 v1.11 stringenc: Printable ASCII characters

) [1

]
LaTeX Font Info:    Font shape `TU/Carlito(0)/m/n' will be
(Font)              scaled to size 24.0pt on input line 29.
Requested font "[Carlito-Regular.ttf]/OT:script=latn;language=DFLT;mapping=tex-
text;+lnum;" at 24.0pt
 -> C:/WINDOWS/Fonts/Carlito-Regular.ttf
LaTeX Font Info:    Font shape `TU/Carlito(0)/bx/n' will be
(Font)              scaled to size 24.0pt on input line 29.
Requested font "[Carlito-Bold.ttf]/OT:script=latn;language=DFLT;mapping=tex-tex
t;+lnum;" at 24.0pt
 -> C:/WINDOWS/Fonts/Carlito-Bold.ttf
(thesis.toc
LaTeX Font Info:    Font shape `TU/Carlito(0)/bx/n' will be
(Font)              scaled to size 10.95pt on input line 3.
Requested font "[Carlito-Bold.ttf]/OT:script=latn;language=DFLT;mapping=tex-tex
t;+lnum;" at 10.95pt
 -> C:/WINDOWS/Fonts/Carlito-Bold.ttf
LaTeX Font Info:    Try loading font information for OT1+ppl on input line 3.
("C:\Program Files\MiKTeX 2.9\tex\latex\psnfss\ot1ppl.fd"
File: ot1ppl.fd 2001/06/04 font definitions for OT1/ppl.
)
Requested font "pplr7t" at 10.95pt

(C:\Users\Gener.GENER.000\AppData\Roaming\MiKTeX\2.9\tex\latex\microtype\mt-ppl
.cfg
File: mt-ppl.cfg 2005/11/16 v1.6 microtype config. file: Palatino (RS)
)
Requested font "pplr7t" at 8.0pt
Requested font "pplr7t" at 6.0pt
LaTeX Font Info:    Try loading font information for OML+zplm on input line 3.
("C:\Program Files\MiKTeX 2.9\tex\latex\psnfss\omlzplm.fd"
File: omlzplm.fd 2002/09/08 Fontinst v1.914 font definitions for OML/zplm.
)
Requested font "zplmr7m" at 10.95pt
Requested font "zplmr7m" at 8.0pt
Requested font "zplmr7m" at 6.0pt
LaTeX Font Info:    Try loading font information for OMS+zplm on input line 3.
("C:\Program Files\MiKTeX 2.9\tex\latex\psnfss\omszplm.fd"
File: omszplm.fd 2002/09/08 Fontinst v1.914 font definitions for OMS/zplm.
)
Requested font "zplmr7y" at 10.95pt
Requested font "zplmr7y" at 8.0pt
Requested font "zplmr7y" at 6.0pt
LaTeX Font Info:    Try loading font information for OMX+zplm on input line 3.
("C:\Program Files\MiKTeX 2.9\tex\latex\psnfss\omxzplm.fd"
File: omxzplm.fd 2002/09/08 Fontinst v1.914 font definitions for OMX/zplm.
)
Requested font "zplmr7v" at 10.95pt
Requested font "zplmr7v" at 8.0pt
Requested font "zplmr7v" at 6.0pt
LaTeX Font Info:    Try loading font information for OT1+zplm on input line 3.
("C:\Program Files\MiKTeX 2.9\tex\latex\psnfss\ot1zplm.fd"
File: ot1zplm.fd 2002/09/08 Fontinst v1.914 font definitions for OT1/zplm.
)
Requested font "zplmr7t" at 10.95pt
Package microtype Info: Loading generic settings for font family
(microtype)             `zplm' (encoding: OT1).
(microtype)             For optimal results, create family-specific settings.
(microtype)             See the microtype manual for details.
Requested font "zplmr7t" at 8.0pt
Requested font "zplmr7t" at 6.0pt
Requested font "pplb7t" at 10.95pt
Requested font "pplb7t" at 8.0pt
Requested font "pplb7t" at 6.0pt
Requested font "zplmb7m" at 10.95pt
Requested font "zplmb7m" at 8.0pt
Requested font "zplmb7m" at 6.0pt
Requested font "zplmb7y" at 10.95pt
Requested font "zplmb7y" at 8.0pt
Requested font "zplmb7y" at 6.0pt
Requested font "zplmb7t" at 10.95pt
Requested font "zplmb7t" at 8.0pt
Requested font "zplmb7t" at 6.0pt
)
\tf@toc=\write7
\openout7 = `thesis.toc'.

[2]
LaTeX Font Info:    Font shape `TU/Carlito(0)/bx/n' will be
(Font)              scaled to size 20.74pt on input line 31.
Requested font "[Carlito-Bold.ttf]/OT:script=latn;language=DFLT;mapping=tex-tex
t;+lnum;" at 20.74pt
 -> C:/WINDOWS/Fonts/Carlito-Bold.ttf
Requested font "[lmroman10-bold]:mapping=tex-text;" at 10.95pt
 -> C:/Program Files/MiKTeX 2.9/fonts/opentype/public/lm/lmroman10-bold.otf
[3

] [0


]
Chapter 1.
Requested font "[lmroman12-bold]:mapping=tex-text;" at 15.0pt
 -> C:/Program Files/MiKTeX 2.9/fonts/opentype/public/lm/lmroman12-bold.otf
LaTeX Font Info:    Font shape `TU/Carlito(0)/bx/n' will be
(Font)              scaled to size 15.0pt on input line 69.
Requested font "[Carlito-Bold.ttf]/OT:script=latn;language=DFLT;mapping=tex-tex
t;+lnum;" at 15.0pt
 -> C:/WINDOWS/Fonts/Carlito-Bold.ttf

LaTeX Warning: Citation 'gonzalez2004digital' on page 1 undefined on input line
 82.


LaTeX Warning: Citation 'singh2008edge' on page 1 undefined on input line 90.

[1]

LaTeX Warning: Citation 'singh2008edge' on page 2 undefined on input line 144.

Requested font "[lmroman12-regular]:mapping=tex-text;" at 14.4pt
 -> C:/Program Files/MiKTeX 2.9/fonts/opentype/public/lm/lmroman12-regular.otf
LaTeX Font Info:    Font shape `TU/Carlito(0)/bx/n' will be
(Font)              scaled to size 14.4pt on input line 165.
Requested font "[Carlito-Bold.ttf]/OT:script=latn;language=DFLT;mapping=tex-tex
t;+lnum;" at 14.4pt
 -> C:/WINDOWS/Fonts/Carlito-Bold.ttf
[2] [3] [4

]
Chapter 2.

LaTeX Warning: Citation 'Brown59' on page 5 undefined on input line 209.


LaTeX Warning: Citation 'Brown63' on page 5 undefined on input line 209.


LaTeX Warning: Citation 'Holt57' on page 5 undefined on input line 209.


LaTeX Warning: Citation 'Winters60' on page 5 undefined on input line 209.


LaTeX Warning: Citation 'MH79' on page 5 undefined on input line 214.


LaTeX Warning: Citation 'Metal82' on page 5 undefined on input line 214.


LaTeX Warning: Citation 'CKOS01' on page 5 undefined on input line 214.


LaTeX Warning: Citation 'OKS97' on page 5 undefined on input line 219.


LaTeX Warning: Citation 'HKSG02' on page 5 undefined on input line 219.

[5] [6

]
Chapter 3.
[7] [8

]
Chapter 4.

LaTeX Warning: Citation 'chapman2014' on page 9 undefined on input line 247.


LaTeX Warning: Citation 'chapman2014' on page 9 undefined on input line 252.

[9]
Requested font "[lmroman10-bolditalic]:mapping=tex-text;" at 10.95pt
 -> C:/Program Files/MiKTeX 2.9/fonts/opentype/public/lm/lmroman10-bolditalic.o
tf
[10]
Requested font "[lmroman8-regular]:mapping=tex-text;" at 8.0pt
 -> C:/Program Files/MiKTeX 2.9/fonts/opentype/public/lm/lmroman8-regular.otf
Requested font "[lmroman6-regular]:mapping=tex-text;" at 6.0pt
 -> C:/Program Files/MiKTeX 2.9/fonts/opentype/public/lm/lmroman6-regular.otf
[11] [12]
Requested font "[lmroman12-bold]:mapping=tex-text;" at 12.0pt
 -> C:/Program Files/MiKTeX 2.9/fonts/opentype/public/lm/lmroman12-bold.otf
LaTeX Font Info:    Font shape `TU/Carlito(0)/bx/n' will be
(Font)              scaled to size 12.0pt on input line 430.
Requested font "[Carlito-Bold.ttf]/OT:script=latn;language=DFLT;mapping=tex-tex
t;+lnum;" at 12.0pt
 -> C:/WINDOWS/Fonts/Carlito-Bold.ttf
LaTeX Font Info:    Font shape `TU/Carlito(0)/bx/it' will be
(Font)              scaled to size 12.0pt on input line 430.
Requested font "[Carlito-BoldItalic.ttf]/OT:script=latn;language=DFLT;mapping=t
ex-text;+lnum;" at 12.0pt
 -> C:/WINDOWS/Fonts/Carlito-BoldItalic.ttf
Requested font "[lmmono10-regular]:" at 10.95pt
 -> C:/Program Files/MiKTeX 2.9/fonts/opentype/public/lm/lmmono10-regular.otf
Package microtype Info: Loading generic settings for font family
(microtype)             `lmtt' (encoding: TU).
(microtype)             For optimal results, create family-specific settings.
(microtype)             See the microtype manual for details.
LaTeX Font Info:    Font shape `TU/lmtt/bx/n' in size <10.95> not available
(Font)              Font shape `TU/lmtt/b/n' tried instead on input line 441.
Requested font "[lmmonolt10-bold]:" at 10.95pt
 -> C:/Program Files/MiKTeX 2.9/fonts/opentype/public/lm/lmmonolt10-bold.otf
Requested font "[lmmono10-italic]:" at 10.95pt
 -> C:/Program Files/MiKTeX 2.9/fonts/opentype/public/lm/lmmono10-italic.otf

Underfull \vbox (badness 1038) detected at line 451
 []

[13]
File: thesis_files/figure-latex/unnamed-chunk-1-1.pdf Graphic file (type QTm)
<use  "thesis_files/figure-latex/unnamed-chunk-1-1.pdf" >
Overfull \hbox (27.20753pt too wide) in paragraph at lines 453--453
 [] 
 []

[14]
File: thesis_files/figure-latex/unnamed-chunk-3-1.pdf Graphic file (type QTm)
<use  "thesis_files/figure-latex/unnamed-chunk-3-1.pdf" >
Overfull \hbox (27.20753pt too wide) in paragraph at lines 501--501
 [] 
 []

[15] [16]
Appendix A.

LaTeX Warning: Empty bibliography on input line 566.

Package atveryend Info: Empty hook `BeforeClearDocument' on input line 570.
[17

]
Package atveryend Info: Empty hook `AfterLastShipout' on input line 570.
(thesis.aux)
Package atveryend Info: Empty hook `AtVeryEndDocument' on input line 570.
Package atveryend Info: Empty hook `AtEndAfterFileList' on input line 570.

LaTeX Warning: There were undefined references.


Package biblatex Warning: Please (re)run Biber on the file:
(biblatex)                thesis
(biblatex)                and rerun LaTeX afterwards.

Package logreq Info: Writing requests to 'thesis.run.xml'.
\openout1 = `thesis.run.xml'.

 )
(\end occurred inside a group at level 1)

### semi simple group (level 1) entered at line 122 (\begingroup)
### bottom level 
Here is how much of TeX's memory you used:
 29485 strings out of 427899
 536364 string characters out of 3153117
 1049212 words of memory out of 3000000
 33057 multiletter control sequences out of 15000+200000
 20600 words of font info for 74 fonts, out of 3000000 for 9000
 1328 hyphenation exceptions out of 8191
 55i,12n,85p,10355b,16990s stack positions out of 5000i,500n,10000p,200000b,50000s

Output written on thesis.pdf (21 pages).
